[Parallel(n_jobs=-1)]: Using backend LokyBackend with 11 concurrent workers.
======================================================================
v0102 — TCN TEMPORAL (независимые окна, нахлест=0)
======================================================================
window_step=6 (каждые 30 сек)
seq_length=24  (720 сек истории)
dilations=[1, 2, 4, 8, 16], n_channels=64
n_jobs=-1


══════════════════════════════════════════════════════════════════════
ТАРГЕТ: LT2
══════════════════════════════════════════════════════════════════════

  [EMG / lt2]  n=14, 79 признаков
[Parallel(n_jobs=-1)]: Done   8 out of  14 | elapsed:  1.3min remaining:   58.7s
[Parallel(n_jobs=-1)]: Done  14 out of  14 | elapsed:  2.0min finished
[Parallel(n_jobs=-1)]: Using backend LokyBackend with 11 concurrent workers.
[Parallel(n_jobs=-1)]: Done   8 out of  14 | elapsed:   58.0s remaining:   43.5s
[Parallel(n_jobs=-1)]: Done  14 out of  14 | elapsed:  1.5min finished
[Parallel(n_jobs=-1)]: Using backend LokyBackend with 11 concurrent workers.
[Parallel(n_jobs=-1)]: Done   8 out of  14 | elapsed:  1.2min remaining:   54.4s
[Parallel(n_jobs=-1)]: Done  14 out of  14 | elapsed:  1.9min finished
[Parallel(n_jobs=-1)]: Using backend LokyBackend with 11 concurrent workers.
[Parallel(n_jobs=-1)]: Done   8 out of  14 | elapsed:  1.2min remaining:   55.5s
[Parallel(n_jobs=-1)]: Done  14 out of  14 | elapsed:  1.9min finished
[Parallel(n_jobs=-1)]: Using backend LokyBackend with 11 concurrent workers.
[Parallel(n_jobs=-1)]: Done  10 out of  10 | elapsed:   51.4s finished
[Parallel(n_jobs=-1)]: Using backend LokyBackend with 11 concurrent workers.
[Parallel(n_jobs=-1)]: Done  10 out of  10 | elapsed:   43.3s finished
[Parallel(n_jobs=-1)]: Using backend LokyBackend with 11 concurrent workers.
[Parallel(n_jobs=-1)]: Done  10 out of  10 | elapsed:   54.9s finished
[Parallel(n_jobs=-1)]: Using backend LokyBackend with 11 concurrent workers.
[Parallel(n_jobs=-1)]: Done  10 out of  10 | elapsed:   53.7s finished
    raw=5.446  kalman=7.158  (118.2s)
  [NIRS / lt2]  n=14, 18 признаков
    raw=6.279  kalman=7.945  (91.3s)
  [EMG+NIRS / lt2]  n=14, 97 признаков
    raw=5.251  kalman=7.021  (114.1s)
  [EMG+NIRS+HRV / lt2]  n=14, 107 признаков
    raw=4.988  kalman=6.818  (112.9s)

══════════════════════════════════════════════════════════════════════
ТАРГЕТ: LT1
══════════════════════════════════════════════════════════════════════

  [EMG / lt1]  n=10, 79 признаков
    raw=4.318  kalman=6.077  (51.5s)
  [NIRS / lt1]  n=10, 18 признаков
    raw=4.969  kalman=6.658  (43.4s)
  [EMG+NIRS / lt1]  n=10, 97 признаков
    raw=4.521  kalman=6.064  (55.0s)
  [EMG+NIRS+HRV / lt1]  n=10, 107 признаков
    raw=4.437  kalman=6.197  (53.8s)

======================================================================
ИТОГИ:
  LT1 / EMG+NIRS          kalman=6.064
  LT1 / EMG               kalman=6.077
  LT1 / EMG+NIRS+HRV      kalman=6.197  Δ=+3.920 vs v0011
  LT1 / NIRS              kalman=6.658
  LT2 / EMG+NIRS+HRV      kalman=6.818  Δ=+4.959 vs v0011
  LT2 / EMG+NIRS          kalman=7.021
  LT2 / EMG               kalman=7.158
  LT2 / NIRS              kalman=7.945

✅ Готово: /Users/tascan/Desktop/диссер/results/v0102
